mode: set
github.com/taikicoco/shiraberu/internal/config/config.go:16.30,26.25 3 1
github.com/taikicoco/shiraberu/internal/config/config.go:26.25,27.59 1 1
github.com/taikicoco/shiraberu/internal/config/config.go:27.59,29.4 1 1
github.com/taikicoco/shiraberu/internal/config/config.go:30.3,30.58 1 1
github.com/taikicoco/shiraberu/internal/config/config.go:30.58,32.4 1 0
github.com/taikicoco/shiraberu/internal/config/config.go:35.2,35.17 1 1
github.com/taikicoco/shiraberu/internal/config/config.go:38.55,39.42 1 1
github.com/taikicoco/shiraberu/internal/config/config.go:39.42,41.3 1 1
github.com/taikicoco/shiraberu/internal/config/config.go:42.2,42.21 1 1
github.com/taikicoco/shiraberu/internal/period/period.go:15.89,16.20 1 1
github.com/taikicoco/shiraberu/internal/period/period.go:17.16,21.36 3 1
github.com/taikicoco/shiraberu/internal/period/period.go:23.17,27.36 3 1
github.com/taikicoco/shiraberu/internal/period/period.go:29.10,34.36 4 1
github.com/taikicoco/shiraberu/main.go:23.13,26.30 2 0
github.com/taikicoco/shiraberu/main.go:26.30,29.3 2 0
github.com/taikicoco/shiraberu/main.go:32.18,34.15 1 0
github.com/taikicoco/shiraberu/main.go:34.15,36.3 1 0
github.com/taikicoco/shiraberu/main.go:38.2,39.16 2 0
github.com/taikicoco/shiraberu/main.go:39.16,41.3 1 0
github.com/taikicoco/shiraberu/main.go:43.2,44.16 2 0
github.com/taikicoco/shiraberu/main.go:44.16,46.3 1 0
github.com/taikicoco/shiraberu/main.go:48.2,49.16 2 0
github.com/taikicoco/shiraberu/main.go:49.16,51.3 1 0
github.com/taikicoco/shiraberu/main.go:53.2,59.16 5 0
github.com/taikicoco/shiraberu/main.go:59.16,62.3 2 0
github.com/taikicoco/shiraberu/main.go:63.2,71.16 7 0
github.com/taikicoco/shiraberu/main.go:71.16,74.3 2 0
github.com/taikicoco/shiraberu/main.go:74.8,76.3 1 0
github.com/taikicoco/shiraberu/main.go:78.2,78.21 1 0
github.com/taikicoco/shiraberu/main.go:79.17,80.46 1 0
github.com/taikicoco/shiraberu/main.go:81.14,82.63 1 0
github.com/taikicoco/shiraberu/main.go:82.63,84.4 1 0
github.com/taikicoco/shiraberu/main.go:85.10,86.63 1 0
github.com/taikicoco/shiraberu/main.go:86.63,88.4 1 0
github.com/taikicoco/shiraberu/main.go:93.69,94.16 1 0
github.com/taikicoco/shiraberu/main.go:94.16,96.3 1 0
github.com/taikicoco/shiraberu/main.go:98.2,99.16 2 0
github.com/taikicoco/shiraberu/main.go:99.16,101.3 1 0
github.com/taikicoco/shiraberu/main.go:102.2,104.36 2 0
github.com/taikicoco/shiraberu/main.go:104.36,106.3 1 0
github.com/taikicoco/shiraberu/main.go:108.2,109.12 2 0
github.com/taikicoco/shiraberu/main.go:112.22,124.2 6 0
github.com/taikicoco/shiraberu/internal/github/client.go:22.80,25.16 3 0
github.com/taikicoco/shiraberu/internal/github/client.go:25.16,26.47 1 0
github.com/taikicoco/shiraberu/internal/github/client.go:26.47,28.4 1 0
github.com/taikicoco/shiraberu/internal/github/client.go:29.3,29.18 1 0
github.com/taikicoco/shiraberu/internal/github/client.go:31.2,31.17 1 0
github.com/taikicoco/shiraberu/internal/github/client.go:43.51,44.25 1 1
github.com/taikicoco/shiraberu/internal/github/client.go:44.25,46.3 1 1
github.com/taikicoco/shiraberu/internal/github/client.go:49.55,53.27 2 1
github.com/taikicoco/shiraberu/internal/github/client.go:53.27,55.3 1 1
github.com/taikicoco/shiraberu/internal/github/client.go:57.2,58.16 2 1
github.com/taikicoco/shiraberu/internal/github/client.go:58.16,60.3 1 1
github.com/taikicoco/shiraberu/internal/github/client.go:61.2,62.15 2 1
github.com/taikicoco/shiraberu/internal/github/client.go:65.36,67.2 1 1
github.com/taikicoco/shiraberu/internal/github/client.go:69.48,71.16 2 1
github.com/taikicoco/shiraberu/internal/github/client.go:71.16,73.3 1 1
github.com/taikicoco/shiraberu/internal/github/client.go:74.2,75.20 2 1
github.com/taikicoco/shiraberu/internal/github/client.go:75.20,77.3 1 1
github.com/taikicoco/shiraberu/internal/github/client.go:78.2,78.22 1 1
github.com/taikicoco/shiraberu/internal/github/client.go:143.96,149.6 4 1
github.com/taikicoco/shiraberu/internal/github/client.go:149.6,154.19 2 1
github.com/taikicoco/shiraberu/internal/github/client.go:154.19,156.4 1 1
github.com/taikicoco/shiraberu/internal/github/client.go:158.3,159.17 2 1
github.com/taikicoco/shiraberu/internal/github/client.go:159.17,161.4 1 0
github.com/taikicoco/shiraberu/internal/github/client.go:163.3,164.52 2 1
github.com/taikicoco/shiraberu/internal/github/client.go:164.52,166.4 1 0
github.com/taikicoco/shiraberu/internal/github/client.go:168.3,168.47 1 1
github.com/taikicoco/shiraberu/internal/github/client.go:168.47,169.22 1 1
github.com/taikicoco/shiraberu/internal/github/client.go:169.22,170.13 1 0
github.com/taikicoco/shiraberu/internal/github/client.go:173.4,185.70 2 1
github.com/taikicoco/shiraberu/internal/github/client.go:185.70,187.5 1 1
github.com/taikicoco/shiraberu/internal/github/client.go:188.4,188.70 1 1
github.com/taikicoco/shiraberu/internal/github/client.go:188.70,190.5 1 1
github.com/taikicoco/shiraberu/internal/github/client.go:191.4,191.27 1 1
github.com/taikicoco/shiraberu/internal/github/client.go:191.27,192.70 1 1
github.com/taikicoco/shiraberu/internal/github/client.go:192.70,194.6 1 1
github.com/taikicoco/shiraberu/internal/github/client.go:197.4,197.31 1 1
github.com/taikicoco/shiraberu/internal/github/client.go:200.3,200.45 1 1
github.com/taikicoco/shiraberu/internal/github/client.go:200.45,201.9 1 1
github.com/taikicoco/shiraberu/internal/github/client.go:203.3,203.47 1 1
github.com/taikicoco/shiraberu/internal/github/client.go:206.2,206.20 1 1
github.com/taikicoco/shiraberu/internal/github/client.go:209.42,210.15 1 1
github.com/taikicoco/shiraberu/internal/github/client.go:211.16,212.18 1 1
github.com/taikicoco/shiraberu/internal/github/client.go:213.14,214.16 1 1
github.com/taikicoco/shiraberu/internal/github/client.go:215.16,216.18 1 1
github.com/taikicoco/shiraberu/internal/github/client.go:217.10,218.15 1 1
github.com/taikicoco/shiraberu/internal/prompt/prompt.go:42.48,48.30 4 0
github.com/taikicoco/shiraberu/internal/prompt/prompt.go:48.30,49.22 1 0
github.com/taikicoco/shiraberu/internal/prompt/prompt.go:50.16,52.22 2 0
github.com/taikicoco/shiraberu/internal/prompt/prompt.go:52.22,54.5 1 0
github.com/taikicoco/shiraberu/internal/prompt/prompt.go:55.4,55.32 1 0
github.com/taikicoco/shiraberu/internal/prompt/prompt.go:57.23,60.16 3 0
github.com/taikicoco/shiraberu/internal/prompt/prompt.go:60.16,62.13 2 0
github.com/taikicoco/shiraberu/internal/prompt/prompt.go:64.4,65.16 2 0
github.com/taikicoco/shiraberu/internal/prompt/prompt.go:65.16,68.5 2 0
github.com/taikicoco/shiraberu/internal/prompt/prompt.go:68.10,70.5 1 0
github.com/taikicoco/shiraberu/internal/prompt/prompt.go:71.4,71.14 1 0
github.com/taikicoco/shiraberu/internal/prompt/prompt.go:71.14,72.13 1 0
github.com/taikicoco/shiraberu/internal/prompt/prompt.go:74.4,74.28 1 0
github.com/taikicoco/shiraberu/internal/prompt/prompt.go:76.19,80.35 4 0
github.com/taikicoco/shiraberu/internal/prompt/prompt.go:80.35,81.24 1 0
github.com/taikicoco/shiraberu/internal/prompt/prompt.go:81.24,83.11 2 0
github.com/taikicoco/shiraberu/internal/prompt/prompt.go:86.4,87.16 2 0
github.com/taikicoco/shiraberu/internal/prompt/prompt.go:87.16,89.13 2 0
github.com/taikicoco/shiraberu/internal/prompt/prompt.go:91.4,92.26 2 0
github.com/taikicoco/shiraberu/internal/prompt/prompt.go:97.2,97.53 1 0
github.com/taikicoco/shiraberu/internal/prompt/prompt.go:97.53,99.28 2 0
github.com/taikicoco/shiraberu/internal/prompt/prompt.go:99.28,101.4 1 0
github.com/taikicoco/shiraberu/internal/prompt/prompt.go:102.3,103.59 2 0
github.com/taikicoco/shiraberu/internal/prompt/prompt.go:106.2,106.18 1 0
github.com/taikicoco/shiraberu/internal/prompt/prompt.go:109.64,110.22 1 1
github.com/taikicoco/shiraberu/internal/prompt/prompt.go:110.22,112.3 1 1
github.com/taikicoco/shiraberu/internal/prompt/prompt.go:113.2,113.74 1 1
github.com/taikicoco/shiraberu/internal/prompt/prompt.go:116.73,129.14 6 0
github.com/taikicoco/shiraberu/internal/prompt/prompt.go:129.14,131.3 1 0
github.com/taikicoco/shiraberu/internal/prompt/prompt.go:133.2,134.13 2 0
github.com/taikicoco/shiraberu/internal/prompt/prompt.go:135.9,136.15 1 0
github.com/taikicoco/shiraberu/internal/prompt/prompt.go:137.9,138.19 1 0
github.com/taikicoco/shiraberu/internal/prompt/prompt.go:139.9,140.56 1 0
github.com/taikicoco/shiraberu/internal/prompt/prompt.go:143.2,143.26 1 0
github.com/taikicoco/shiraberu/internal/prompt/prompt.go:146.86,153.18 5 0
github.com/taikicoco/shiraberu/internal/prompt/prompt.go:153.18,155.3 1 0
github.com/taikicoco/shiraberu/internal/prompt/prompt.go:156.2,177.14 9 0
github.com/taikicoco/shiraberu/internal/prompt/prompt.go:177.14,179.3 1 0
github.com/taikicoco/shiraberu/internal/prompt/prompt.go:181.2,183.13 3 0
github.com/taikicoco/shiraberu/internal/prompt/prompt.go:184.9,186.31 2 0
github.com/taikicoco/shiraberu/internal/prompt/prompt.go:187.9,189.31 2 0
github.com/taikicoco/shiraberu/internal/prompt/prompt.go:190.9,192.32 2 0
github.com/taikicoco/shiraberu/internal/prompt/prompt.go:193.9,195.32 2 0
github.com/taikicoco/shiraberu/internal/prompt/prompt.go:196.9,198.32 2 0
github.com/taikicoco/shiraberu/internal/prompt/prompt.go:199.9,202.33 3 0
github.com/taikicoco/shiraberu/internal/prompt/prompt.go:206.2,207.38 2 0
github.com/taikicoco/shiraberu/internal/prompt/prompt.go:210.64,215.36 3 1
github.com/taikicoco/shiraberu/internal/prompt/prompt.go:215.36,219.3 3 1
github.com/taikicoco/shiraberu/internal/prompt/prompt.go:221.2,226.19 4 1
github.com/taikicoco/shiraberu/internal/prompt/prompt.go:229.90,234.33 4 0
github.com/taikicoco/shiraberu/internal/prompt/prompt.go:234.33,237.3 1 0
github.com/taikicoco/shiraberu/internal/prompt/prompt.go:238.2,240.15 2 0
github.com/taikicoco/shiraberu/internal/prompt/prompt.go:241.11,243.46 2 0
github.com/taikicoco/shiraberu/internal/prompt/prompt.go:244.11,246.46 2 0
github.com/taikicoco/shiraberu/internal/prompt/prompt.go:247.10,248.20 1 0
github.com/taikicoco/shiraberu/internal/prompt/prompt.go:252.86,257.16 4 0
github.com/taikicoco/shiraberu/internal/prompt/prompt.go:257.16,260.3 2 0
github.com/taikicoco/shiraberu/internal/prompt/prompt.go:261.2,261.15 1 0
github.com/taikicoco/shiraberu/internal/prompt/prompt.go:264.79,265.22 1 0
github.com/taikicoco/shiraberu/internal/prompt/prompt.go:265.22,267.3 1 0
github.com/taikicoco/shiraberu/internal/prompt/prompt.go:267.8,269.3 1 0
github.com/taikicoco/shiraberu/internal/prompt/prompt.go:271.2,272.33 2 0
github.com/taikicoco/shiraberu/internal/prompt/prompt.go:272.33,275.3 1 0
github.com/taikicoco/shiraberu/internal/prompt/prompt.go:276.2,278.17 2 0
github.com/taikicoco/shiraberu/internal/prompt/prompt.go:278.17,280.3 1 0
github.com/taikicoco/shiraberu/internal/prompt/prompt.go:281.2,281.14 1 0
github.com/taikicoco/shiraberu/internal/prompt/prompt.go:284.71,298.16 3 1
github.com/taikicoco/shiraberu/internal/prompt/prompt.go:298.16,300.3 1 1
github.com/taikicoco/shiraberu/internal/prompt/prompt.go:301.2,301.12 1 0
github.com/taikicoco/shiraberu/internal/demo/demo.go:56.76,68.2 6 1
github.com/taikicoco/shiraberu/internal/demo/demo.go:70.94,73.64 2 1
github.com/taikicoco/shiraberu/internal/demo/demo.go:73.64,78.57 3 1
github.com/taikicoco/shiraberu/internal/demo/demo.go:78.57,79.41 1 1
github.com/taikicoco/shiraberu/internal/demo/demo.go:79.41,80.13 1 1
github.com/taikicoco/shiraberu/internal/demo/demo.go:84.3,88.36 3 1
github.com/taikicoco/shiraberu/internal/demo/demo.go:88.36,90.4 1 1
github.com/taikicoco/shiraberu/internal/demo/demo.go:93.3,93.32 1 1
github.com/taikicoco/shiraberu/internal/demo/demo.go:93.32,95.4 1 1
github.com/taikicoco/shiraberu/internal/demo/demo.go:98.3,99.36 2 1
github.com/taikicoco/shiraberu/internal/demo/demo.go:99.36,104.4 4 1
github.com/taikicoco/shiraberu/internal/demo/demo.go:107.3,108.38 2 1
github.com/taikicoco/shiraberu/internal/demo/demo.go:108.38,110.4 1 1
github.com/taikicoco/shiraberu/internal/demo/demo.go:113.3,113.96 1 1
github.com/taikicoco/shiraberu/internal/demo/demo.go:113.96,115.4 1 1
github.com/taikicoco/shiraberu/internal/demo/demo.go:119.2,119.39 1 1
github.com/taikicoco/shiraberu/internal/demo/demo.go:119.39,121.3 1 1
github.com/taikicoco/shiraberu/internal/demo/demo.go:123.2,129.3 1 1
github.com/taikicoco/shiraberu/internal/demo/demo.go:132.80,152.2 5 1
github.com/taikicoco/shiraberu/internal/demo/demo.go:154.42,157.2 2 1
github.com/taikicoco/shiraberu/internal/pr/fetcher.go:37.45,39.2 1 1
github.com/taikicoco/shiraberu/internal/pr/fetcher.go:41.84,52.16 6 1
github.com/taikicoco/shiraberu/internal/pr/fetcher.go:52.16,54.3 1 1
github.com/taikicoco/shiraberu/internal/pr/fetcher.go:57.2,58.16 2 1
github.com/taikicoco/shiraberu/internal/pr/fetcher.go:58.16,60.3 1 0
github.com/taikicoco/shiraberu/internal/pr/fetcher.go:63.2,64.16 2 1
github.com/taikicoco/shiraberu/internal/pr/fetcher.go:64.16,66.3 1 0
github.com/taikicoco/shiraberu/internal/pr/fetcher.go:68.2,76.8 2 1
github.com/taikicoco/shiraberu/internal/pr/fetcher.go:79.76,82.56 2 1
github.com/taikicoco/shiraberu/internal/pr/fetcher.go:82.56,84.49 2 1
github.com/taikicoco/shiraberu/internal/pr/fetcher.go:84.49,86.4 1 1
github.com/taikicoco/shiraberu/internal/pr/fetcher.go:87.3,87.29 1 1
github.com/taikicoco/shiraberu/internal/pr/fetcher.go:87.29,89.4 1 1
github.com/taikicoco/shiraberu/internal/pr/fetcher.go:92.3,94.37 3 1
github.com/taikicoco/shiraberu/internal/pr/fetcher.go:94.37,98.4 1 1
github.com/taikicoco/shiraberu/internal/pr/fetcher.go:100.3,100.19 1 1
github.com/taikicoco/shiraberu/internal/pr/fetcher.go:101.17,102.65 1 1
github.com/taikicoco/shiraberu/internal/pr/fetcher.go:103.16,104.63 1 1
github.com/taikicoco/shiraberu/internal/pr/fetcher.go:105.17,106.65 1 1
github.com/taikicoco/shiraberu/internal/pr/fetcher.go:107.19,108.69 1 1
github.com/taikicoco/shiraberu/internal/pr/fetcher.go:112.2,112.28 1 1
github.com/taikicoco/shiraberu/internal/pr/fetcher.go:112.28,113.17 1 1
github.com/taikicoco/shiraberu/internal/pr/fetcher.go:113.17,115.4 1 1
github.com/taikicoco/shiraberu/internal/pr/fetcher.go:115.9,117.4 1 1
github.com/taikicoco/shiraberu/internal/pr/fetcher.go:119.2,119.28 1 1
github.com/taikicoco/shiraberu/internal/pr/fetcher.go:119.28,121.3 1 1
github.com/taikicoco/shiraberu/internal/pr/fetcher.go:122.2,122.30 1 1
github.com/taikicoco/shiraberu/internal/pr/fetcher.go:122.30,124.3 1 1
github.com/taikicoco/shiraberu/internal/pr/fetcher.go:126.2,127.28 2 1
github.com/taikicoco/shiraberu/internal/pr/fetcher.go:127.28,129.3 1 1
github.com/taikicoco/shiraberu/internal/pr/fetcher.go:131.2,131.39 1 1
github.com/taikicoco/shiraberu/internal/pr/fetcher.go:131.39,133.3 1 1
github.com/taikicoco/shiraberu/internal/pr/fetcher.go:135.2,135.13 1 1
github.com/taikicoco/shiraberu/internal/render/html.go:18.13,20.29 1 1
github.com/taikicoco/shiraberu/internal/render/html.go:20.29,20.45 1 1
github.com/taikicoco/shiraberu/internal/render/html.go:21.43,24.4 2 1
github.com/taikicoco/shiraberu/internal/render/html.go:26.2,28.16 3 1
github.com/taikicoco/shiraberu/internal/render/html.go:28.16,29.13 1 0
github.com/taikicoco/shiraberu/internal/render/html.go:33.82,57.2 9 1
github.com/taikicoco/shiraberu/internal/render/html.go:59.53,61.34 2 1
github.com/taikicoco/shiraberu/internal/render/html.go:61.34,70.3 2 1
github.com/taikicoco/shiraberu/internal/render/html.go:71.2,71.13 1 1
github.com/taikicoco/shiraberu/internal/render/html.go:74.58,76.24 2 1
github.com/taikicoco/shiraberu/internal/render/html.go:76.24,87.3 1 1
github.com/taikicoco/shiraberu/internal/render/html.go:88.2,88.15 1 1
github.com/taikicoco/shiraberu/internal/render/markdown.go:13.48,14.22 1 1
github.com/taikicoco/shiraberu/internal/render/markdown.go:14.22,16.3 1 1
github.com/taikicoco/shiraberu/internal/render/markdown.go:17.2,17.70 1 1
github.com/taikicoco/shiraberu/internal/render/markdown.go:20.59,27.27 5 1
github.com/taikicoco/shiraberu/internal/render/markdown.go:27.27,30.3 2 1
github.com/taikicoco/shiraberu/internal/render/markdown.go:32.2,34.34 2 1
github.com/taikicoco/shiraberu/internal/render/markdown.go:34.34,38.26 3 1
github.com/taikicoco/shiraberu/internal/render/markdown.go:38.26,40.33 2 1
github.com/taikicoco/shiraberu/internal/render/markdown.go:40.33,42.5 1 1
github.com/taikicoco/shiraberu/internal/render/markdown.go:43.4,43.19 1 1
github.com/taikicoco/shiraberu/internal/render/markdown.go:46.3,46.25 1 1
github.com/taikicoco/shiraberu/internal/render/markdown.go:46.25,48.32 2 0
github.com/taikicoco/shiraberu/internal/render/markdown.go:48.32,50.5 1 0
github.com/taikicoco/shiraberu/internal/render/markdown.go:51.4,51.19 1 0
github.com/taikicoco/shiraberu/internal/render/markdown.go:54.3,54.26 1 1
github.com/taikicoco/shiraberu/internal/render/markdown.go:54.26,56.33 2 1
github.com/taikicoco/shiraberu/internal/render/markdown.go:56.33,58.5 1 1
github.com/taikicoco/shiraberu/internal/render/markdown.go:59.4,59.19 1 1
github.com/taikicoco/shiraberu/internal/render/markdown.go:62.3,62.28 1 1
github.com/taikicoco/shiraberu/internal/render/markdown.go:62.28,64.35 2 0
github.com/taikicoco/shiraberu/internal/render/markdown.go:64.35,66.5 1 0
github.com/taikicoco/shiraberu/internal/render/markdown.go:67.4,67.19 1 0
github.com/taikicoco/shiraberu/internal/render/markdown.go:71.2,71.12 1 1
github.com/taikicoco/shiraberu/internal/render/markdown.go:74.53,77.2 2 1
github.com/taikicoco/shiraberu/internal/render/markdown.go:79.34,80.13 1 1
github.com/taikicoco/shiraberu/internal/render/markdown.go:80.13,82.3 1 1
github.com/taikicoco/shiraberu/internal/render/markdown.go:83.2,83.39 1 1
github.com/taikicoco/shiraberu/internal/render/stats.go:11.45,13.34 2 1
github.com/taikicoco/shiraberu/internal/render/stats.go:13.34,19.32 5 1
github.com/taikicoco/shiraberu/internal/render/stats.go:19.32,22.4 2 1
github.com/taikicoco/shiraberu/internal/render/stats.go:24.2,24.10 1 1
github.com/taikicoco/shiraberu/internal/render/stats.go:27.52,32.78 2 1
github.com/taikicoco/shiraberu/internal/render/stats.go:32.78,37.3 2 1
github.com/taikicoco/shiraberu/internal/render/stats.go:40.2,40.34 1 1
github.com/taikicoco/shiraberu/internal/render/stats.go:40.34,43.10 3 1
github.com/taikicoco/shiraberu/internal/render/stats.go:43.10,46.4 2 0
github.com/taikicoco/shiraberu/internal/render/stats.go:48.3,49.32 2 1
github.com/taikicoco/shiraberu/internal/render/stats.go:49.32,52.4 2 1
github.com/taikicoco/shiraberu/internal/render/stats.go:53.3,53.31 1 1
github.com/taikicoco/shiraberu/internal/render/stats.go:53.31,56.4 2 0
github.com/taikicoco/shiraberu/internal/render/stats.go:57.3,57.32 1 1
github.com/taikicoco/shiraberu/internal/render/stats.go:57.32,60.4 2 1
github.com/taikicoco/shiraberu/internal/render/stats.go:62.3,68.89 7 1
github.com/taikicoco/shiraberu/internal/render/stats.go:72.2,73.30 2 1
github.com/taikicoco/shiraberu/internal/render/stats.go:73.30,75.3 1 1
github.com/taikicoco/shiraberu/internal/render/stats.go:78.2,78.40 1 1
github.com/taikicoco/shiraberu/internal/render/stats.go:78.40,80.3 1 1
github.com/taikicoco/shiraberu/internal/render/stats.go:82.2,82.14 1 1
github.com/taikicoco/shiraberu/internal/render/stats.go:85.54,92.34 3 1
github.com/taikicoco/shiraberu/internal/render/stats.go:92.34,96.37 3 1
github.com/taikicoco/shiraberu/internal/render/stats.go:96.37,99.31 2 1
github.com/taikicoco/shiraberu/internal/render/stats.go:99.31,101.5 1 0
github.com/taikicoco/shiraberu/internal/render/stats.go:102.4,111.5 3 1
github.com/taikicoco/shiraberu/internal/render/stats.go:114.3,117.59 4 1
github.com/taikicoco/shiraberu/internal/render/stats.go:120.2,122.25 3 1
github.com/taikicoco/shiraberu/internal/render/stats.go:122.25,124.3 1 1
github.com/taikicoco/shiraberu/internal/render/stats.go:125.2,127.25 2 1
github.com/taikicoco/shiraberu/internal/render/stats.go:127.25,129.3 1 1
github.com/taikicoco/shiraberu/internal/render/stats.go:131.2,131.14 1 1
github.com/taikicoco/shiraberu/internal/render/stats.go:134.56,137.34 2 1
github.com/taikicoco/shiraberu/internal/render/stats.go:137.34,141.39 3 1
github.com/taikicoco/shiraberu/internal/render/stats.go:141.39,150.4 3 1
github.com/taikicoco/shiraberu/internal/render/stats.go:152.3,155.56 4 1
github.com/taikicoco/shiraberu/internal/render/stats.go:158.2,160.26 3 1
github.com/taikicoco/shiraberu/internal/render/stats.go:160.26,162.3 1 1
github.com/taikicoco/shiraberu/internal/render/stats.go:163.2,165.25 2 1
github.com/taikicoco/shiraberu/internal/render/stats.go:165.25,167.3 1 1
github.com/taikicoco/shiraberu/internal/render/stats.go:169.2,169.14 1 1
github.com/taikicoco/shiraberu/internal/render/stats.go:172.50,174.34 2 1
github.com/taikicoco/shiraberu/internal/render/stats.go:174.34,175.32 1 1
github.com/taikicoco/shiraberu/internal/render/stats.go:175.32,177.4 1 1
github.com/taikicoco/shiraberu/internal/render/stats.go:178.3,178.31 1 1
github.com/taikicoco/shiraberu/internal/render/stats.go:178.31,180.4 1 0
github.com/taikicoco/shiraberu/internal/render/stats.go:181.3,181.32 1 1
github.com/taikicoco/shiraberu/internal/render/stats.go:181.32,183.4 1 1
github.com/taikicoco/shiraberu/internal/render/stats.go:184.3,184.34 1 1
github.com/taikicoco/shiraberu/internal/render/stats.go:184.34,186.4 1 1
github.com/taikicoco/shiraberu/internal/render/stats.go:189.2,190.37 2 1
github.com/taikicoco/shiraberu/internal/render/stats.go:190.37,195.3 1 1
github.com/taikicoco/shiraberu/internal/render/stats.go:198.2,198.40 1 1
github.com/taikicoco/shiraberu/internal/render/stats.go:198.40,200.3 1 1
github.com/taikicoco/shiraberu/internal/render/stats.go:202.2,202.14 1 1
github.com/taikicoco/shiraberu/internal/render/stats.go:205.78,206.27 1 1
github.com/taikicoco/shiraberu/internal/render/stats.go:206.27,208.3 1 1
github.com/taikicoco/shiraberu/internal/render/stats.go:210.2,217.3 2 1
github.com/taikicoco/shiraberu/internal/spinner/spinner.go:22.35,29.2 1 1
github.com/taikicoco/shiraberu/internal/spinner/spinner.go:31.27,33.15 2 1
github.com/taikicoco/shiraberu/internal/spinner/spinner.go:33.15,36.3 2 1
github.com/taikicoco/shiraberu/internal/spinner/spinner.go:37.2,40.12 3 1
github.com/taikicoco/shiraberu/internal/spinner/spinner.go:40.12,45.7 4 1
github.com/taikicoco/shiraberu/internal/spinner/spinner.go:45.7,46.11 1 1
github.com/taikicoco/shiraberu/internal/spinner/spinner.go:47.18,51.11 3 1
github.com/taikicoco/shiraberu/internal/spinner/spinner.go:52.20,54.8 2 1
github.com/taikicoco/shiraberu/internal/spinner/spinner.go:60.26,62.16 2 1
github.com/taikicoco/shiraberu/internal/spinner/spinner.go:62.16,65.3 2 1
github.com/taikicoco/shiraberu/internal/spinner/spinner.go:66.2,70.10 4 1
github.com/taikicoco/shiraberu/internal/spinner/spinner.go:73.43,76.2 2 1
github.com/taikicoco/shiraberu/internal/spinner/spinner.go:78.40,81.2 2 1
github.com/taikicoco/shiraberu/internal/server/server.go:27.55,29.22 2 0
github.com/taikicoco/shiraberu/internal/server/server.go:30.16,31.34 1 0
github.com/taikicoco/shiraberu/internal/server/server.go:32.15,33.38 1 0
github.com/taikicoco/shiraberu/internal/server/server.go:34.17,35.69 1 0
github.com/taikicoco/shiraberu/internal/server/server.go:37.2,37.16 1 0
github.com/taikicoco/shiraberu/internal/server/server.go:37.16,39.3 1 0
github.com/taikicoco/shiraberu/internal/server/server.go:40.2,40.12 1 0
github.com/taikicoco/shiraberu/internal/server/server.go:52.59,53.25 1 1
github.com/taikicoco/shiraberu/internal/server/server.go:53.25,55.3 1 1
github.com/taikicoco/shiraberu/internal/server/server.go:59.46,63.27 2 1
github.com/taikicoco/shiraberu/internal/server/server.go:63.27,65.3 1 1
github.com/taikicoco/shiraberu/internal/server/server.go:66.2,66.10 1 1
github.com/taikicoco/shiraberu/internal/server/server.go:70.64,72.2 1 0
github.com/taikicoco/shiraberu/internal/server/server.go:75.82,77.16 2 0
github.com/taikicoco/shiraberu/internal/server/server.go:77.16,79.3 1 0
github.com/taikicoco/shiraberu/internal/server/server.go:80.2,80.58 1 0
github.com/taikicoco/shiraberu/internal/server/server.go:84.85,86.2 1 0
github.com/taikicoco/shiraberu/internal/server/server.go:89.97,91.72 2 1
github.com/taikicoco/shiraberu/internal/server/server.go:91.72,93.3 1 0
github.com/taikicoco/shiraberu/internal/server/server.go:94.2,97.67 3 1
github.com/taikicoco/shiraberu/internal/server/server.go:97.67,100.3 2 0
github.com/taikicoco/shiraberu/internal/server/server.go:102.2,107.12 2 1
github.com/taikicoco/shiraberu/internal/server/server.go:107.12,110.3 2 1
github.com/taikicoco/shiraberu/internal/server/server.go:112.2,115.32 3 1
